0 info it worked if it ends with ok
1 verbose cli [ 'C:\\Program Files\\nodejs\\node.exe',
1 verbose cli   'C:\\Program Files\\nodejs\\node_modules\\npm\\bin\\npm-cli.js',
1 verbose cli   'start' ]
2 info using npm@3.10.10
3 info using node@v6.10.2
4 verbose run-script [ 'prestart', 'start', 'poststart' ]
5 info lifecycle test-1-2-3@0.0.0~prestart: test-1-2-3@0.0.0
6 silly lifecycle test-1-2-3@0.0.0~prestart: no script for prestart, continuing
7 info lifecycle test-1-2-3@0.0.0~start: test-1-2-3@0.0.0
8 verbose lifecycle test-1-2-3@0.0.0~start: unsafe-perm in lifecycle true
9 verbose lifecycle test-1-2-3@0.0.0~start: PATH: C:\Program Files\nodejs\node_modules\npm\bin\node-gyp-bin;C:\Users\TeeMa\Desktop\test-1-2-3\node_modules\.bin;C:\Users\TeeMa\bin;C:\Program Files\Git\mingw64\bin;C:\Program Files\Git\usr\local\bin;C:\Program Files\Git\usr\bin;C:\Program Files\Git\usr\bin;C:\Program Files\Git\mingw64\bin;C:\Program Files\Git\usr\bin;C:\Users\TeeMa\bin;C:\ProgramData\Oracle\Java\javapath;C:\Java;C:\MinGW\bin;C:\WINDOWS\system32;C:\WINDOWS;C:\WINDOWS\System32\Wbem;C:\WINDOWS\System32\WindowsPowerShell\v1.0;C:\Program Files (x86)\Intel\Intel(R) Management Engine Components\DAL;C:\Program Files\Intel\Intel(R) Management Engine Components\DAL;C:\Program Files (x86)\Intel\Intel(R) Management Engine Components\IPT;C:\Program Files\Intel\Intel(R) Management Engine Components\IPT;C:\Program Files (x86)\GtkSharp\2.12\bin;C:\Program Files (x86)\RemObjects Software\Elements\bin;C:\Users\TeeMa\.dnx\bin;C:\Program Files\Microsoft DNX\Dnvm;C:\Program Files\Microsoft SQL Server\130\Tools\Binn;C:\Program Files (x86)\Windows Kits\8.1\Windows Performance Toolkit;C:\TDM-GCC-64\bin;C:\Python35\Scripts;C:\Program Files (x86)\Brackets\command;C:\Program Files\PostgreSQL\pg95\bin;C:\Program Files (x86)\Skype\Phone;C:\Program Files\nodejs;C:\Program Files (x86)\NVIDIA Corporation\PhysX\Common;C:\Ruby23\bin;C:\Ruby22\bin;C:\Users\TeeMa\AppData\Local\Programs\Python\Python36-32\Scripts;C:\Users\TeeMa\AppData\Local\Programs\Python\Python36-32;C:\Users\TeeMa\AppData\Local\Programs\Python\Python35-32\Scripts;C:\Users\TeeMa\AppData\Local\Programs\Python\Python35-32;C:\RailsInstaller\Git\cmd;C:\RailsInstaller\Ruby2.2.0\bin;C:\ProgramData\chocolatey\bin;C:\Users\TeeMa\AppData\Local\Microsoft\WindowsApps;C:\Users\TeeMa\AppData\Local\learn_ide\bin;C:\Program Files (x86)\Microsoft VS Code\bin;C:\Program Files\Heroku\bin;C:\Users\TeeMa\AppData\Roaming\npm;C:\path-to-ruby\bin;C:\Program Files\Git\usr\bin\vendor_perl;C:\Program Files\Git\usr\bin\core_perl
10 verbose lifecycle test-1-2-3@0.0.0~start: CWD: C:\Users\TeeMa\Desktop\test-1-2-3
11 silly lifecycle test-1-2-3@0.0.0~start: Args: [ '/d /s /c', 'node bin/www' ]
12 silly lifecycle test-1-2-3@0.0.0~start: Returned: code: 1  signal: null
13 info lifecycle test-1-2-3@0.0.0~start: Failed to exec start script
14 verbose stack Error: test-1-2-3@0.0.0 start: `node bin/www`
14 verbose stack Exit status 1
14 verbose stack     at EventEmitter.<anonymous> (C:\Program Files\nodejs\node_modules\npm\lib\utils\lifecycle.js:255:16)
14 verbose stack     at emitTwo (events.js:106:13)
14 verbose stack     at EventEmitter.emit (events.js:191:7)
14 verbose stack     at ChildProcess.<anonymous> (C:\Program Files\nodejs\node_modules\npm\lib\utils\spawn.js:40:14)
14 verbose stack     at emitTwo (events.js:106:13)
14 verbose stack     at ChildProcess.emit (events.js:191:7)
14 verbose stack     at maybeClose (internal/child_process.js:886:16)
14 verbose stack     at Process.ChildProcess._handle.onexit (internal/child_process.js:226:5)
15 verbose pkgid test-1-2-3@0.0.0
16 verbose cwd C:\Users\TeeMa\Desktop\test-1-2-3
17 error Windows_NT 10.0.14393
18 error argv "C:\\Program Files\\nodejs\\node.exe" "C:\\Program Files\\nodejs\\node_modules\\npm\\bin\\npm-cli.js" "start"
19 error node v6.10.2
20 error npm  v3.10.10
21 error code ELIFECYCLE
22 error test-1-2-3@0.0.0 start: `node bin/www`
22 error Exit status 1
23 error Failed at the test-1-2-3@0.0.0 start script 'node bin/www'.
23 error Make sure you have the latest version of node.js and npm installed.
23 error If you do, this is most likely a problem with the test-1-2-3 package,
23 error not with npm itself.
23 error Tell the author that this fails on your system:
23 error     node bin/www
23 error You can get information on how to open an issue for this project with:
23 error     npm bugs test-1-2-3
23 error Or if that isn't available, you can get their info via:
23 error     npm owner ls test-1-2-3
23 error There is likely additional logging output above.
24 verbose exit [ 1, true ]
